PP> M_name = [""] * (12 + 1)
PP> M_name[3] = "mars"
PP> M_name[4] = "april"
PP> y = 2015
PP> while y <= 2020:
PP>   a = y % 19
PP>   b = y // 100
PP>   c = y % 100
PP>   d = b // 4
PP>   e = b % 4
PP>   f = (b + 8) // 25
PP>   g = (b - f + 1) // 3
PP>   h = (19 * a + b - d - g + 15) % 30
PP>   i = c // 4
PP>   k = c % 4
PP>   l = (32 + 2 * e + 2 * i - h - k) % 7
PP>   m = (a + 11 * h + 22 * l) // 451
PP>   month = (h + l - 7 * m + 114) // 31
PP>   day = (h + l - 7 * m + 114) % 31 + 1
PP>   print(str(day) + ". " + M_name[month], y)
PP>   y = y + 1
Asp runtime error on line 24: Array index out of bounds, index: 29, array length: 5!
