<program>
   1: "Testing integer expressions:"
  <stmt>
    <expr stmt>
      <expr>
        <and test>
          <not test>
            <comparison>
              <term>
                <factor>
                  <primary>
                    <atom>
                      <string litteral>
                      </string litteral>
                    </atom>
                  </primary>
                </factor>
              </term>
            </comparison>
          </not test>
        </and test>
      </expr>
    </expr stmt>
  </stmt>
   2: 42
  <stmt>
    <expr stmt>
      <expr>
        <and test>
          <not test>
            <comparison>
              <term>
                <factor>
                  <primary>
                    <atom>
                      <integer litteral>
                      </integer litteral>
                    </atom>
                  </primary>
                </factor>
              </term>
            </comparison>
          </not test>
        </and test>
      </expr>
    </expr stmt>
  </stmt>
   3: -1017
  <stmt>
    <expr stmt>
      <expr>
        <and test>
          <not test>
            <comparison>
              <term>
                <factor>
                  <factor prefix>
                  </factor prefix>
                  <primary>
                    <atom>
                      <integer litteral>
                      </integer litteral>
                    </atom>
                  </primary>
                </factor>
              </term>
            </comparison>
          </not test>
        </and test>
      </expr>
    </expr stmt>
  </stmt>
   4: -2 + 5 * 7
  <stmt>
    <expr stmt>
      <expr>
        <and test>
          <not test>
            <comparison>
              <term>
                <factor>
                  <factor prefix>
                  </factor prefix>
                  <primary>
                    <atom>
                      <integer litteral>
                      </integer litteral>
                    </atom>
                  </primary>
                </factor>
                <term opr>
                </term opr>
                <factor>
                  <factor prefix>
                  </factor prefix>
                  <primary>
                    <atom>
                      <integer litteral>
                      </integer litteral>
                    </atom>
                  </primary>
                  <factor opr>
                  </factor opr>
                  <primary>
                    <atom>
                      <integer litteral>
                      </integer litteral>
                    </atom>
                  </primary>
                </factor>
              </term>
            </comparison>
          </not test>
        </and test>
      </expr>
    </expr stmt>
  </stmt>
   5: 100 % (-2 % (+2 * 5) + 18)
  <stmt>
    <expr stmt>
      <expr>
        <and test>
          <not test>
            <comparison>
              <term>
                <factor>
                  <primary>
                    <atom>
                      <integer litteral>
                      </integer litteral>
                    </atom>
                  </primary>
                  <factor opr>
                  </factor opr>
                  <primary>
                    <atom>
                      <inner expr>
                        <expr>
                          <and test>
                            <not test>
                              <comparison>
                                <term>
                                  <factor>
                                    <factor prefix>
                                    </factor prefix>
                                    <primary>
                                      <atom>
                                        <integer litteral>
                                        </integer litteral>
                                      </atom>
                                    </primary>
                                    <factor opr>
                                    </factor opr>
                                    <primary>
                                      <atom>
                                        <inner expr>
                                          <expr>
                                            <and test>
                                              <not test>
                                                <comparison>
                                                  <term>
                                                    <factor>
                                                      <factor prefix>
                                                      </factor prefix>
                                                      <primary>
                                                        <atom>
                                                          <integer litteral>
                                                          </integer litteral>
                                                        </atom>
                                                      </primary>
                                                      <factor opr>
                                                      </factor opr>
                                                      <primary>
                                                        <atom>
                                                          <integer litteral>
                                                          </integer litteral>
                                                        </atom>
                                                      </primary>
                                                    </factor>
                                                  </term>
                                                </comparison>
                                              </not test>
                                            </and test>
                                          </expr>
                                        </inner expr>
                                      </atom>
                                    </primary>
                                  </factor>
                                  <term opr>
                                  </term opr>
                                  <factor>
                                    <factor prefix>
                                    </factor prefix>
                                    <primary>
                                      <atom>
                                        <integer litteral>
                                        </integer litteral>
                                      </atom>
                                    </primary>
                                  </factor>
                                </term>
                              </comparison>
                            </not test>
                          </and test>
                        </expr>
                      </inner expr>
                    </atom>
                  </primary>
                </factor>
              </term>
            </comparison>
          </not test>
        </and test>
      </expr>
    </expr stmt>
  </stmt>
   6: 1234567890 // 1000000
  <stmt>
    <expr stmt>
      <expr>
        <and test>
          <not test>
            <comparison>
              <term>
                <factor>
                  <primary>
                    <atom>
                      <integer litteral>
                      </integer litteral>
                    </atom>
                  </primary>
                  <factor opr>
                  </factor opr>
                  <primary>
                    <atom>
                      <integer litteral>
                      </integer litteral>
                    </atom>
                  </primary>
                </factor>
              </term>
            </comparison>
          </not test>
        </and test>
      </expr>
    </expr stmt>
  </stmt>
   7: 
   8: "Testing float expressions:"
  <stmt>
    <expr stmt>
      <expr>
        <and test>
          <not test>
            <comparison>
              <term>
                <factor>
                  <primary>
                    <atom>
                      <string litteral>
                      </string litteral>
                    </atom>
                  </primary>
                </factor>
              </term>
            </comparison>
          </not test>
        </and test>
      </expr>
    </expr stmt>
  </stmt>
   9: 42.0
  <stmt>
    <expr stmt>
      <expr>
        <and test>
          <not test>
            <comparison>
              <term>
                <factor>
                  <primary>
                    <atom>
                      <float litteral>
                      </float litteral>
                    </atom>
                  </primary>
                </factor>
              </term>
            </comparison>
          </not test>
        </and test>
      </expr>
    </expr stmt>
  </stmt>
  10: -1017.1
  <stmt>
    <expr stmt>
      <expr>
        <and test>
          <not test>
            <comparison>
              <term>
                <factor>
                  <factor prefix>
                  </factor prefix>
                  <primary>
                    <atom>
                      <float litteral>
                      </float litteral>
                    </atom>
                  </primary>
                </factor>
              </term>
            </comparison>
          </not test>
        </and test>
      </expr>
    </expr stmt>
  </stmt>
  11: -2 + 5.0 * 7
  <stmt>
    <expr stmt>
      <expr>
        <and test>
          <not test>
            <comparison>
              <term>
                <factor>
                  <factor prefix>
                  </factor prefix>
                  <primary>
                    <atom>
                      <integer litteral>
                      </integer litteral>
                    </atom>
                  </primary>
                </factor>
                <term opr>
                </term opr>
                <factor>
                  <factor prefix>
                  </factor prefix>
                  <primary>
                    <atom>
                      <float litteral>
                      </float litteral>
                    </atom>
                  </primary>
                  <factor opr>
                  </factor opr>
                  <primary>
                    <atom>
                      <integer litteral>
                      </integer litteral>
                    </atom>
                  </primary>
                </factor>
              </term>
            </comparison>
          </not test>
        </and test>
      </expr>
    </expr stmt>
  </stmt>
  12: 100 % (-2 % (+2 * 5.0) + 18)
  <stmt>
    <expr stmt>
      <expr>
        <and test>
          <not test>
            <comparison>
              <term>
                <factor>
                  <primary>
                    <atom>
                      <integer litteral>
                      </integer litteral>
                    </atom>
                  </primary>
                  <factor opr>
                  </factor opr>
                  <primary>
                    <atom>
                      <inner expr>
                        <expr>
                          <and test>
                            <not test>
                              <comparison>
                                <term>
                                  <factor>
                                    <factor prefix>
                                    </factor prefix>
                                    <primary>
                                      <atom>
                                        <integer litteral>
                                        </integer litteral>
                                      </atom>
                                    </primary>
                                    <factor opr>
                                    </factor opr>
                                    <primary>
                                      <atom>
                                        <inner expr>
                                          <expr>
                                            <and test>
                                              <not test>
                                                <comparison>
                                                  <term>
                                                    <factor>
                                                      <factor prefix>
                                                      </factor prefix>
                                                      <primary>
                                                        <atom>
                                                          <integer litteral>
                                                          </integer litteral>
                                                        </atom>
                                                      </primary>
                                                      <factor opr>
                                                      </factor opr>
                                                      <primary>
                                                        <atom>
                                                          <float litteral>
                                                          </float litteral>
                                                        </atom>
                                                      </primary>
                                                    </factor>
                                                  </term>
                                                </comparison>
                                              </not test>
                                            </and test>
                                          </expr>
                                        </inner expr>
                                      </atom>
                                    </primary>
                                  </factor>
                                  <term opr>
                                  </term opr>
                                  <factor>
                                    <factor prefix>
                                    </factor prefix>
                                    <primary>
                                      <atom>
                                        <integer litteral>
                                        </integer litteral>
                                      </atom>
                                    </primary>
                                  </factor>
                                </term>
                              </comparison>
                            </not test>
                          </and test>
                        </expr>
                      </inner expr>
                    </atom>
                  </primary>
                </factor>
              </term>
            </comparison>
          </not test>
        </and test>
      </expr>
    </expr stmt>
  </stmt>
  13: 1234567890.0 // 1000000.0
  <stmt>
    <expr stmt>
      <expr>
        <and test>
          <not test>
            <comparison>
              <term>
                <factor>
                  <primary>
                    <atom>
                      <float litteral>
                      </float litteral>
                    </atom>
                  </primary>
                  <factor opr>
                  </factor opr>
                  <primary>
                    <atom>
                      <float litteral>
                      </float litteral>
                    </atom>
                  </primary>
                </factor>
              </term>
            </comparison>
          </not test>
        </and test>
      </expr>
    </expr stmt>
  </stmt>
  14: 
  15: "Testing string expressions"
  <stmt>
    <expr stmt>
      <expr>
        <and test>
          <not test>
            <comparison>
              <term>
                <factor>
                  <primary>
                    <atom>
                      <string litteral>
                      </string litteral>
                    </atom>
                  </primary>
                </factor>
              </term>
            </comparison>
          </not test>
        </and test>
      </expr>
    </expr stmt>
  </stmt>
  16: "Abc"
  <stmt>
    <expr stmt>
      <expr>
        <and test>
          <not test>
            <comparison>
              <term>
                <factor>
                  <primary>
                    <atom>
                      <string litteral>
                      </string litteral>
                    </atom>
                  </primary>
                </factor>
              </term>
            </comparison>
          </not test>
        </and test>
      </expr>
    </expr stmt>
  </stmt>
  17: "α" + "-"*5 + "ω"
  <stmt>
    <expr stmt>
      <expr>
        <and test>
          <not test>
            <comparison>
              <term>
                <factor>
                  <primary>
                    <atom>
                      <string litteral>
                      </string litteral>
                    </atom>
                  </primary>
                </factor>
                <term opr>
                </term opr>
                <factor>
                  <factor prefix>
                  </factor prefix>
                  <primary>
                    <atom>
                      <string litteral>
                      </string litteral>
                    </atom>
                  </primary>
                  <factor opr>
                  </factor opr>
                  <primary>
                    <atom>
                      <integer litteral>
                      </integer litteral>
                    </atom>
                  </primary>
                </factor>
                <term opr>
                </term opr>
                <factor>
                  <factor prefix>
                  </factor prefix>
                  <primary>
                    <atom>
                      <string litteral>
                      </string litteral>
                    </atom>
                  </primary>
                </factor>
              </term>
            </comparison>
          </not test>
        </and test>
      </expr>
    </expr stmt>
  </stmt>
  18: 
  19: "Testing boolean expressions"
  <stmt>
    <expr stmt>
      <expr>
        <and test>
          <not test>
            <comparison>
              <term>
                <factor>
                  <primary>
                    <atom>
                      <string litteral>
                      </string litteral>
                    </atom>
                  </primary>
                </factor>
              </term>
            </comparison>
          </not test>
        </and test>
      </expr>
    </expr stmt>
  </stmt>
  20: not False
  <stmt>
    <expr stmt>
      <expr>
        <and test>
          <not test>
            <comparison>
              <term>
                <factor>
                  <primary>
                    <atom>
                      <boolean litteral>
                      </boolean litteral>
                    </atom>
                  </primary>
                </factor>
              </term>
            </comparison>
          </not test>
        </and test>
      </expr>
    </expr stmt>
  </stmt>
  21: "To be" or "not to be"
  <stmt>
    <expr stmt>
      <expr>
        <and test>
          <not test>
            <comparison>
              <term>
                <factor>
                  <primary>
                    <atom>
                      <string litteral>
                      </string litteral>
                    </atom>
                  </primary>
                </factor>
              </term>
            </comparison>
          </not test>
        </and test>
        <and test>
          <not test>
            <comparison>
              <term>
                <factor>
                  <primary>
                    <atom>
                      <string litteral>
                      </string litteral>
                    </atom>
                  </primary>
                </factor>
              </term>
            </comparison>
          </not test>
        </and test>
      </expr>
    </expr stmt>
  </stmt>
  22: "Yes" and 3.14
  <stmt>
    <expr stmt>
      <expr>
        <and test>
          <not test>
            <comparison>
              <term>
                <factor>
                  <primary>
                    <atom>
                      <string litteral>
                      </string litteral>
                    </atom>
                  </primary>
                </factor>
              </term>
            </comparison>
          </not test>
          <not test>
            <comparison>
              <term>
                <factor>
                  <primary>
                    <atom>
                      <float litteral>
                      </float litteral>
                    </atom>
                  </primary>
                </factor>
              </term>
            </comparison>
          </not test>
        </and test>
      </expr>
    </expr stmt>
  </stmt>
  23: False or True or 144 or "?"
  <stmt>
    <expr stmt>
      <expr>
        <and test>
          <not test>
            <comparison>
              <term>
                <factor>
                  <primary>
                    <atom>
                      <boolean litteral>
                      </boolean litteral>
                    </atom>
                  </primary>
                </factor>
              </term>
            </comparison>
          </not test>
        </and test>
        <and test>
          <not test>
            <comparison>
              <term>
                <factor>
                  <primary>
                    <atom>
                      <boolean litteral>
                      </boolean litteral>
                    </atom>
                  </primary>
                </factor>
              </term>
            </comparison>
          </not test>
        </and test>
        <and test>
          <not test>
            <comparison>
              <term>
                <factor>
                  <primary>
                    <atom>
                      <integer litteral>
                      </integer litteral>
                    </atom>
                  </primary>
                </factor>
              </term>
            </comparison>
          </not test>
        </and test>
        <and test>
          <not test>
            <comparison>
              <term>
                <factor>
                  <primary>
                    <atom>
                      <string litteral>
                      </string litteral>
                    </atom>
                  </primary>
                </factor>
              </term>
            </comparison>
          </not test>
        </and test>
      </expr>
    </expr stmt>
  </stmt>
  24: 
  25: "Testing comparisons"
  <stmt>
    <expr stmt>
      <expr>
        <and test>
          <not test>
            <comparison>
              <term>
                <factor>
                  <primary>
                    <atom>
                      <string litteral>
                      </string litteral>
                    </atom>
                  </primary>
                </factor>
              </term>
            </comparison>
          </not test>
        </and test>
      </expr>
    </expr stmt>
  </stmt>
  26: 1 <= 2 <= 3
  <stmt>
    <expr stmt>
      <expr>
        <and test>
          <not test>
            <comparison>
              <term>
                <factor>
                  <primary>
                    <atom>
                      <integer litteral>
                      </integer litteral>
                    </atom>
                  </primary>
                </factor>
              </term>
              <comp opr>
              </comp opr>
              <term>
                <factor>
                  <primary>
                    <atom>
                      <integer litteral>
                      </integer litteral>
                    </atom>
                  </primary>
                </factor>
              </term>
              <comp opr>
              </comp opr>
              <term>
                <factor>
                  <primary>
                    <atom>
                      <integer litteral>
                      </integer litteral>
                    </atom>
                  </primary>
                </factor>
              </term>
            </comparison>
          </not test>
        </and test>
      </expr>
    </expr stmt>
  </stmt>
  27: "a" != "b" > "b" != 99
  <stmt>
    <expr stmt>
      <expr>
        <and test>
          <not test>
            <comparison>
              <term>
                <factor>
                  <primary>
                    <atom>
                      <string litteral>
                      </string litteral>
                    </atom>
                  </primary>
                </factor>
              </term>
              <comp opr>
              </comp opr>
              <term>
                <factor>
                  <primary>
                    <atom>
                      <string litteral>
                      </string litteral>
                    </atom>
                  </primary>
                </factor>
              </term>
              <comp opr>
              </comp opr>
              <term>
                <factor>
                  <primary>
                    <atom>
                      <string litteral>
                      </string litteral>
                    </atom>
                  </primary>
                </factor>
              </term>
              <comp opr>
              </comp opr>
              <term>
                <factor>
                  <primary>
                    <atom>
                      <integer litteral>
                      </integer litteral>
                    </atom>
                  </primary>
                </factor>
              </term>
            </comparison>
          </not test>
        </and test>
      </expr>
    </expr stmt>
  </stmt>
  28: 3.14 > 2.718281828459045 > 0
  <stmt>
    <expr stmt>
      <expr>
        <and test>
          <not test>
            <comparison>
              <term>
                <factor>
                  <primary>
                    <atom>
                      <float litteral>
                      </float litteral>
                    </atom>
                  </primary>
                </factor>
              </term>
              <comp opr>
              </comp opr>
              <term>
                <factor>
                  <primary>
                    <atom>
                      <float litteral>
                      </float litteral>
                    </atom>
                  </primary>
                </factor>
              </term>
              <comp opr>
              </comp opr>
              <term>
                <factor>
                  <primary>
                    <atom>
                      <integer litteral>
                      </integer litteral>
                    </atom>
                  </primary>
                </factor>
              </term>
            </comparison>
          </not test>
        </and test>
      </expr>
    </expr stmt>
  </stmt>
  29: 
  30: "Testing lists"
  <stmt>
    <expr stmt>
      <expr>
        <and test>
          <not test>
            <comparison>
              <term>
                <factor>
                  <primary>
                    <atom>
                      <string litteral>
                      </string litteral>
                    </atom>
                  </primary>
                </factor>
              </term>
            </comparison>
          </not test>
        </and test>
      </expr>
    </expr stmt>
  </stmt>
  31: []
  <stmt>
    <expr stmt>
      <expr>
        <and test>
          <not test>
            <comparison>
              <term>
                <factor>
                  <primary>
                    <atom>
                      <list display>
                        <expr>
                          <and test>
                            <not test>
                              <comparison>
                                <term>
                                  <factor>
                                    <primary>
                                      <atom>
Asp parser error on line 31: Expected an expression atom but found a ]!
