PP> def pow(a, b): 
PP>   if b > 1: 
PP>     return pow(a, b - 1) * a
PP>   elif b < 1: 
PP>     return pow(a, b + 1) / a
PP>   else: 
PP>     return a
PP> 
PP> def rough_log(x): 
PP>   if x > 10: 
PP>     return rough_log(x / 10) + 1
PP>   if x < 0.1: 
PP>     return rough_log(x * 10) - 1
PP>   return 1
PP> 
PP> def sqrt(v): 
PP>   x = [0] * 12
PP>   d = rough_log(v)
PP>   if d % 2 == 1: 
PP>     x[0] = pow(2 * 10, (d - 1) // 2)
PP>   else: 
PP>     x[0] = pow(6 * 10, (d - 2) // 2)
PP>   ix = 0
PP>   while ix < 11:
PP>     tmp = (x[ix] + v / x[ix]) / 2
PP>     ix = ix + 1
PP>     x[ix] = tmp
PP>   return x[11]
PP> 
PP> v = float(input("Give a number: "))
PP> sq2 = sqrt(v)
PP> print(sq2, "squared is", pow(sq2, 2))
Asp runtime error on line 27: Array index out of bounds, index: 0, array length: 0!
