   1: if True:
Scanner: if token on line 1
Scanner: True token on line 1
Scanner: : token on line 1
Scanner: NEWLINE token on line 1
   2:     if False:
Scanner: INDENT token on line 2
Scanner: if token on line 2
Scanner: False token on line 2
Scanner: : token on line 2
Scanner: NEWLINE token on line 2
   3:         a = 1
Scanner: INDENT token on line 3
Scanner: name token on line 3: a
Scanner: = token on line 3
Scanner: integer literal token on line 3: 1
Scanner: NEWLINE token on line 3
   4:     else:
Scanner: DEDENT token on line 4
Scanner: else token on line 4
Scanner: : token on line 4
Scanner: NEWLINE token on line 4
   5:         a = 1.
handleWord error! Could not recognize word: 1., at line: 5
